[debug] [2021-03-05T21:00:29.506Z] ----------------------------------------------------------------------
[debug] [2021-03-05T21:00:29.508Z] Command:       C:\Program Files\nodejs\node.exe C:\Program Files\nodejs\node_modules\firebase-tools\lib\bin\firebase.js init hosting
[debug] [2021-03-05T21:00:29.508Z] CLI Version:   9.5.0
[debug] [2021-03-05T21:00:29.508Z] Platform:      win32
[debug] [2021-03-05T21:00:29.508Z] Node Version:  v14.2.0
[debug] [2021-03-05T21:00:29.513Z] Time:          Fri Mar 05 2021 15:00:29 GMT-0600 (hora estándar central)
[debug] [2021-03-05T21:00:29.513Z] ----------------------------------------------------------------------
[debug] [2021-03-05T21:00:29.513Z] 
[debug] [2021-03-05T21:00:29.525Z] > command requires scopes: ["email","openid","https://www.googleapis.com/auth/cloudplatformprojects.readonly","https://www.googleapis.com/auth/firebase","https://www.googleapis.com/auth/cloud-platform"]
[debug] [2021-03-05T21:00:29.527Z] > authorizing via signed-in user
[info] 
     ######## #### ########  ######## ########     ###     ######  ########
     ##        ##  ##     ## ##       ##     ##  ##   ##  ##       ##
     ######    ##  ########  ######   ########  #########  ######  ######
     ##        ##  ##    ##  ##       ##     ## ##     ##       ## ##
     ##       #### ##     ## ######## ########  ##     ##  ######  ########

You're about to initialize a Firebase project in this directory:

  D:\roberto.rodriguez\Escritorio\Developments\ReactJS\producthuntnext

[info] 
=== Project Setup
[info] 
[info] First, let's associate this project directory with a Firebase project.
[info] You can create multiple project aliases by running firebase use --add, 
[info] but for now we'll just set up a default project.
[info] 
[debug] [2021-03-05T21:00:47.841Z] > refreshing access token with scopes: []
[debug] [2021-03-05T21:00:47.841Z] >>> HTTP REQUEST POST https://www.googleapis.com/oauth2/v3/token  
 <request body omitted>
[debug] [2021-03-05T21:00:49.054Z] <<< HTTP RESPONSE 400 {"date":"Fri, 05 Mar 2021 21:06:42 GMT","expires":"Mon, 01 Jan 1990 00:00:00 GMT","pragma":"no-cache","cache-control":"no-cache, no-store, max-age=0, must-revalidate","content-type":"application/json; charset=utf-8","vary":"X-Origin, Referer, Origin,Accept-Encoding","server":"scaffolding on HTTPServer2","x-xss-protection":"0","x-frame-options":"SAMEORIGIN","x-content-type-options":"nosniff","alt-svc":"h3-29=\":443\"; ma=2592000,h3-T051=\":443\"; ma=2592000,h3-Q050=\":443\"; ma=2592000,h3-Q046=\":443\"; ma=2592000,h3-Q043=\":443\"; ma=2592000,quic=\":443\"; ma=2592000; v=\"46,43\"","accept-ranges":"none","transfer-encoding":"chunked"}
[debug] [2021-03-05T21:00:49.059Z] >>> [apiv2][query] GET https://firebase.googleapis.com/v1beta1/projects pageSize=100
[debug] [2021-03-05T21:00:49.344Z] <<< [apiv2][status] GET https://firebase.googleapis.com/v1beta1/projects 401
[debug] [2021-03-05T21:00:49.344Z] <<< [apiv2][body] GET https://firebase.googleapis.com/v1beta1/projects [omitted]
[debug] [2021-03-05T21:00:49.345Z] HTTP Error: 401, Request had invalid authentication credentials. Expected OAuth 2 access token, login cookie or other valid authentication credential. See https://developers.google.com/identity/sign-in/web/devconsole-project.
[debug] [2021-03-05T21:00:49.498Z] FirebaseError: HTTP Error: 401, Request had invalid authentication credentials. Expected OAuth 2 access token, login cookie or other valid authentication credential. See https://developers.google.com/identity/sign-in/web/devconsole-project.
    at module.exports (C:\Users\roberto.rodriguez\AppData\Roaming\nvm\v14.2.0\node_modules\firebase-tools\lib\responseToError.js:38:12)
    at Client.doRequest (C:\Users\roberto.rodriguez\AppData\Roaming\nvm\v14.2.0\node_modules\firebase-tools\lib\apiv2.js:238:23)
    at processTicksAndRejections (internal/process/task_queues.js:97:5)
    at async Client.request (C:\Users\roberto.rodriguez\AppData\Roaming\nvm\v14.2.0\node_modules\firebase-tools\lib\apiv2.js:96:20)
    at async getProjectPage (C:\Users\roberto.rodriguez\AppData\Roaming\nvm\v14.2.0\node_modules\firebase-tools\lib\management\projects.js:232:17)
    at async getFirebaseProjectPage (C:\Users\roberto.rodriguez\AppData\Roaming\nvm\v14.2.0\node_modules\firebase-tools\lib\management\projects.js:249:23)
    at async selectProjectInteractively (C:\Users\roberto.rodriguez\AppData\Roaming\nvm\v14.2.0\node_modules\firebase-tools\lib\management\projects.js:95:41)
    at async Object.doSetup [as project] (C:\Users\roberto.rodriguez\AppData\Roaming\nvm\v14.2.0\node_modules\firebase-tools\lib\init\features\project.js:87:27)
    at async init (C:\Users\roberto.rodriguez\AppData\Roaming\nvm\v14.2.0\node_modules\firebase-tools\lib\init\index.js:19:9)
[error] 
[error] Error: Failed to list Firebase projects. See firebase-debug.log for more info.
